--------------- Build Started: 12/07/2017 12:40:13 Project: Bootloader, Configuration: ARM GCC 5.4-2016-q2-update Release ---------------
cydsfit.exe -.appdatapath "C:\Users\Stephen\AppData\Local\Cypress Semiconductor\PSoC Creator\4.1" -.fdsnotice -.fdswarpdepfile=warp_dependencies.txt -.fdselabdepfile=elab_dependencies.txt -.fdsbldfile=generated_files.txt -.fdsreffile=referenced_files.txt -p C:\Users\Stephen\Documents\Firmware\PSoC\Bootloader\Bootloader.cydsn\Bootloader.cyprj -d CY8C4025LQI-S412 -s C:\Users\Stephen\Documents\Firmware\PSoC\Bootloader\Bootloader.cydsn\Generated_Source\PSoC4 -- -yv2 -q10 -ygs -o2 -v3 -.fftcfgtype=LE
Elaborating Design...
HDL Generation...
Synthesis...
Tech Mapping...
Analog Placement...
Analog Routing...
Analog Code Generation...
Digital Placement...
Digital Routing...
Bitstream Generation...
Bitstream Verification...
Static timing analysis...
API Generation...
Dependency Generation...
Cleanup...
arm-none-eabi-gcc.exe -mcpu=cortex-m0plus -mthumb -I. -IGenerated_Source\PSoC4 -Wa,-alh=.\CortexM0p\ARM_GCC_541\Release/main.lst -g -D NDEBUG -D CY_CORE_ID=0 -Wall -ffunction-sections -ffat-lto-objects -Os -c main.c -o .\CortexM0p\ARM_GCC_541\Release\main.o
arm-none-eabi-gcc.exe -mcpu=cortex-m0plus -mthumb -I. -IGenerated_Source\PSoC4 -Wa,-alh=.\CortexM0p\ARM_GCC_541\Release/cyfitter_cfg.lst -g -D NDEBUG -D CY_CORE_ID=0 -Wall -ffunction-sections -ffat-lto-objects -Os -c Generated_Source\PSoC4\cyfitter_cfg.c -o .\CortexM0p\ARM_GCC_541\Release\cyfitter_cfg.o
arm-none-eabi-gcc.exe -mcpu=cortex-m0plus -mthumb -I. -IGenerated_Source\PSoC4 -Wa,-alh=.\CortexM0p\ARM_GCC_541\Release/cymetadata.lst -g -D NDEBUG -D CY_CORE_ID=0 -Wall -ffunction-sections -ffat-lto-objects -Os -c Generated_Source\PSoC4\cymetadata.c -o .\CortexM0p\ARM_GCC_541\Release\cymetadata.o
arm-none-eabi-gcc.exe -mcpu=cortex-m0plus -mthumb -I. -IGenerated_Source\PSoC4 -Wa,-alh=.\CortexM0p\ARM_GCC_541\Release/Bootloader.lst -g -D NDEBUG -D CY_CORE_ID=0 -Wall -ffunction-sections -ffat-lto-objects -Os -c Generated_Source\PSoC4\Bootloader.c -o .\CortexM0p\ARM_GCC_541\Release\Bootloader.o
arm-none-eabi-gcc.exe -mcpu=cortex-m0plus -mthumb -I. -IGenerated_Source\PSoC4 -Wa,-alh=.\CortexM0p\ARM_GCC_541\Release/I2C.lst -g -D NDEBUG -D CY_CORE_ID=0 -Wall -ffunction-sections -ffat-lto-objects -Os -c Generated_Source\PSoC4\I2C.c -o .\CortexM0p\ARM_GCC_541\Release\I2C.o
arm-none-eabi-gcc.exe -mcpu=cortex-m0plus -mthumb -I. -IGenerated_Source\PSoC4 -Wa,-alh=.\CortexM0p\ARM_GCC_541\Release/I2C_I2C_INT.lst -g -D NDEBUG -D CY_CORE_ID=0 -Wall -ffunction-sections -ffat-lto-objects -Os -c Generated_Source\PSoC4\I2C_I2C_INT.c -o .\CortexM0p\ARM_GCC_541\Release\I2C_I2C_INT.o
arm-none-eabi-gcc.exe -mcpu=cortex-m0plus -mthumb -I. -IGenerated_Source\PSoC4 -Wa,-alh=.\CortexM0p\ARM_GCC_541\Release/I2C_I2C.lst -g -D NDEBUG -D CY_CORE_ID=0 -Wall -ffunction-sections -ffat-lto-objects -Os -c Generated_Source\PSoC4\I2C_I2C.c -o .\CortexM0p\ARM_GCC_541\Release\I2C_I2C.o
arm-none-eabi-gcc.exe -mcpu=cortex-m0plus -mthumb -I. -IGenerated_Source\PSoC4 -Wa,-alh=.\CortexM0p\ARM_GCC_541\Release/I2C_I2C_BOOT.lst -g -D NDEBUG -D CY_CORE_ID=0 -Wall -ffunction-sections -ffat-lto-objects -Os -c Generated_Source\PSoC4\I2C_I2C_BOOT.c -o .\CortexM0p\ARM_GCC_541\Release\I2C_I2C_BOOT.o
arm-none-eabi-gcc.exe -mcpu=cortex-m0plus -mthumb -I. -IGenerated_Source\PSoC4 -Wa,-alh=.\CortexM0p\ARM_GCC_541\Release/I2C_I2C_SLAVE.lst -g -D NDEBUG -D CY_CORE_ID=0 -Wall -ffunction-sections -ffat-lto-objects -Os -c Generated_Source\PSoC4\I2C_I2C_SLAVE.c -o .\CortexM0p\ARM_GCC_541\Release\I2C_I2C_SLAVE.o
arm-none-eabi-gcc.exe -mcpu=cortex-m0plus -mthumb -I. -IGenerated_Source\PSoC4 -Wa,-alh=.\CortexM0p\ARM_GCC_541\Release/I2C_PM.lst -g -D NDEBUG -D CY_CORE_ID=0 -Wall -ffunction-sections -ffat-lto-objects -Os -c Generated_Source\PSoC4\I2C_PM.c -o .\CortexM0p\ARM_GCC_541\Release\I2C_PM.o
arm-none-eabi-gcc.exe -mcpu=cortex-m0plus -mthumb -I. -IGenerated_Source\PSoC4 -Wa,-alh=.\CortexM0p\ARM_GCC_541\Release/I2C_BOOT.lst -g -D NDEBUG -D CY_CORE_ID=0 -Wall -ffunction-sections -ffat-lto-objects -Os -c Generated_Source\PSoC4\I2C_BOOT.c -o .\CortexM0p\ARM_GCC_541\Release\I2C_BOOT.o
arm-none-eabi-gcc.exe -mcpu=cortex-m0plus -mthumb -I. -IGenerated_Source\PSoC4 -Wa,-alh=.\CortexM0p\ARM_GCC_541\Release/Bootload_EN.lst -g -D NDEBUG -D CY_CORE_ID=0 -Wall -ffunction-sections -ffat-lto-objects -Os -c Generated_Source\PSoC4\Bootload_EN.c -o .\CortexM0p\ARM_GCC_541\Release\Bootload_EN.o
arm-none-eabi-gcc.exe -mcpu=cortex-m0plus -mthumb -I. -IGenerated_Source\PSoC4 -Wa,-alh=.\CortexM0p\ARM_GCC_541\Release/Bootload_EN_PM.lst -g -D NDEBUG -D CY_CORE_ID=0 -Wall -ffunction-sections -ffat-lto-objects -Os -c Generated_Source\PSoC4\Bootload_EN_PM.c -o .\CortexM0p\ARM_GCC_541\Release\Bootload_EN_PM.o
arm-none-eabi-gcc.exe -mcpu=cortex-m0plus -mthumb -I. -IGenerated_Source\PSoC4 -Wa,-alh=.\CortexM0p\ARM_GCC_541\Release/I2C_SCBCLK.lst -g -D NDEBUG -D CY_CORE_ID=0 -Wall -ffunction-sections -ffat-lto-objects -Os -c Generated_Source\PSoC4\I2C_SCBCLK.c -o .\CortexM0p\ARM_GCC_541\Release\I2C_SCBCLK.o
arm-none-eabi-gcc.exe -mcpu=cortex-m0plus -mthumb -I. -IGenerated_Source\PSoC4 -Wa,-alh=.\CortexM0p\ARM_GCC_541\Release/I2C_sda.lst -g -D NDEBUG -D CY_CORE_ID=0 -Wall -ffunction-sections -ffat-lto-objects -Os -c Generated_Source\PSoC4\I2C_sda.c -o .\CortexM0p\ARM_GCC_541\Release\I2C_sda.o
arm-none-eabi-gcc.exe -mcpu=cortex-m0plus -mthumb -I. -IGenerated_Source\PSoC4 -Wa,-alh=.\CortexM0p\ARM_GCC_541\Release/I2C_sda_PM.lst -g -D NDEBUG -D CY_CORE_ID=0 -Wall -ffunction-sections -ffat-lto-objects -Os -c Generated_Source\PSoC4\I2C_sda_PM.c -o .\CortexM0p\ARM_GCC_541\Release\I2C_sda_PM.o
arm-none-eabi-gcc.exe -mcpu=cortex-m0plus -mthumb -I. -IGenerated_Source\PSoC4 -Wa,-alh=.\CortexM0p\ARM_GCC_541\Release/I2C_scl.lst -g -D NDEBUG -D CY_CORE_ID=0 -Wall -ffunction-sections -ffat-lto-objects -Os -c Generated_Source\PSoC4\I2C_scl.c -o .\CortexM0p\ARM_GCC_541\Release\I2C_scl.o
arm-none-eabi-gcc.exe -mcpu=cortex-m0plus -mthumb -I. -IGenerated_Source\PSoC4 -Wa,-alh=.\CortexM0p\ARM_GCC_541\Release/I2C_scl_PM.lst -g -D NDEBUG -D CY_CORE_ID=0 -Wall -ffunction-sections -ffat-lto-objects -Os -c Generated_Source\PSoC4\I2C_scl_PM.c -o .\CortexM0p\ARM_GCC_541\Release\I2C_scl_PM.o
arm-none-eabi-gcc.exe -mcpu=cortex-m0plus -mthumb -I. -IGenerated_Source\PSoC4 -Wa,-alh=.\CortexM0p\ARM_GCC_541\Release/I2C_SCB_IRQ.lst -g -D NDEBUG -D CY_CORE_ID=0 -Wall -ffunction-sections -ffat-lto-objects -Os -c Generated_Source\PSoC4\I2C_SCB_IRQ.c -o .\CortexM0p\ARM_GCC_541\Release\I2C_SCB_IRQ.o
arm-none-eabi-gcc.exe -mcpu=cortex-m0plus -mthumb -I. -IGenerated_Source\PSoC4 -Wa,-alh=.\CortexM0p\ARM_GCC_541\Release/Cm0plusStart.lst -g -D NDEBUG -D CY_CORE_ID=0 -Wall -ffunction-sections -ffat-lto-objects -Os -c Generated_Source\PSoC4\Cm0plusStart.c -o .\CortexM0p\ARM_GCC_541\Release\Cm0plusStart.o
arm-none-eabi-gcc.exe -mcpu=cortex-m0plus -mthumb -I. -IGenerated_Source\PSoC4 -Wa,-alh=.\CortexM0p\ARM_GCC_541\Release/CyFlash.lst -g -D NDEBUG -D CY_CORE_ID=0 -Wall -ffunction-sections -ffat-lto-objects -Os -c Generated_Source\PSoC4\CyFlash.c -o .\CortexM0p\ARM_GCC_541\Release\CyFlash.o
arm-none-eabi-gcc.exe -mcpu=cortex-m0plus -mthumb -I. -IGenerated_Source\PSoC4 -Wa,-alh=.\CortexM0p\ARM_GCC_541\Release/CyLib.lst -g -D NDEBUG -D CY_CORE_ID=0 -Wall -ffunction-sections -ffat-lto-objects -Os -c Generated_Source\PSoC4\CyLib.c -o .\CortexM0p\ARM_GCC_541\Release\CyLib.o
arm-none-eabi-gcc.exe -mcpu=cortex-m0plus -mthumb -I. -IGenerated_Source\PSoC4 -Wa,-alh=.\CortexM0p\ARM_GCC_541\Release/cyPm.lst -g -D NDEBUG -D CY_CORE_ID=0 -Wall -ffunction-sections -ffat-lto-objects -Os -c Generated_Source\PSoC4\cyPm.c -o .\CortexM0p\ARM_GCC_541\Release\cyPm.o
arm-none-eabi-gcc.exe -mcpu=cortex-m0plus -mthumb -I. -IGenerated_Source\PSoC4 -Wa,-alh=.\CortexM0p\ARM_GCC_541\Release/cyutils.lst -g -D NDEBUG -D CY_CORE_ID=0 -Wall -ffunction-sections -ffat-lto-objects -Os -c Generated_Source\PSoC4\cyutils.c -o .\CortexM0p\ARM_GCC_541\Release\cyutils.o
arm-none-eabi-gcc.exe -mcpu=cortex-m0plus -mthumb -I. -IGenerated_Source\PSoC4 -Wa,-alh=.\CortexM0p\ARM_GCC_541\Release/CyLFClk.lst -g -D NDEBUG -D CY_CORE_ID=0 -Wall -ffunction-sections -ffat-lto-objects -Os -c Generated_Source\PSoC4\CyLFClk.c -o .\CortexM0p\ARM_GCC_541\Release\CyLFClk.o
arm-none-eabi-gcc.exe -mcpu=cortex-m0plus -mthumb -I. -IGenerated_Source\PSoC4 -Wa,-alh=.\CortexM0p\ARM_GCC_541\Release/Red_LED.lst -g -D NDEBUG -D CY_CORE_ID=0 -Wall -ffunction-sections -ffat-lto-objects -Os -c Generated_Source\PSoC4\Red_LED.c -o .\CortexM0p\ARM_GCC_541\Release\Red_LED.o
arm-none-eabi-gcc.exe -mcpu=cortex-m0plus -mthumb -I. -IGenerated_Source\PSoC4 -Wa,-alh=.\CortexM0p\ARM_GCC_541\Release/Red_LED_PM.lst -g -D NDEBUG -D CY_CORE_ID=0 -Wall -ffunction-sections -ffat-lto-objects -Os -c Generated_Source\PSoC4\Red_LED_PM.c -o .\CortexM0p\ARM_GCC_541\Release\Red_LED_PM.o
arm-none-eabi-gcc.exe -mcpu=cortex-m0plus -mthumb -I. -IGenerated_Source\PSoC4 -Wa,-alh=.\CortexM0p\ARM_GCC_541\Release/Blue_LED.lst -g -D NDEBUG -D CY_CORE_ID=0 -Wall -ffunction-sections -ffat-lto-objects -Os -c Generated_Source\PSoC4\Blue_LED.c -o .\CortexM0p\ARM_GCC_541\Release\Blue_LED.o
arm-none-eabi-gcc.exe -mcpu=cortex-m0plus -mthumb -I. -IGenerated_Source\PSoC4 -Wa,-alh=.\CortexM0p\ARM_GCC_541\Release/Blue_LED_PM.lst -g -D NDEBUG -D CY_CORE_ID=0 -Wall -ffunction-sections -ffat-lto-objects -Os -c Generated_Source\PSoC4\Blue_LED_PM.c -o .\CortexM0p\ARM_GCC_541\Release\Blue_LED_PM.o
arm-none-eabi-as.exe -mcpu=cortex-m0plus -mthumb -I. -IGenerated_Source\PSoC4 -alh=.\CortexM0p\ARM_GCC_541\Release/CyBootAsmGnu.lst -g -W -o .\CortexM0p\ARM_GCC_541\Release\CyBootAsmGnu.o Generated_Source\PSoC4\CyBootAsmGnu.s
arm-none-eabi-ar.exe -rs .\CortexM0p\ARM_GCC_541\Release\Bootloader.a .\CortexM0p\ARM_GCC_541\Release\Bootloader.o .\CortexM0p\ARM_GCC_541\Release\I2C.o .\CortexM0p\ARM_GCC_541\Release\I2C_I2C_INT.o .\CortexM0p\ARM_GCC_541\Release\I2C_I2C.o .\CortexM0p\ARM_GCC_541\Release\I2C_I2C_BOOT.o .\CortexM0p\ARM_GCC_541\Release\I2C_I2C_SLAVE.o .\CortexM0p\ARM_GCC_541\Release\I2C_PM.o .\CortexM0p\ARM_GCC_541\Release\I2C_BOOT.o .\CortexM0p\ARM_GCC_541\Release\Bootload_EN.o .\CortexM0p\ARM_GCC_541\Release\Bootload_EN_PM.o .\CortexM0p\ARM_GCC_541\Release\I2C_SCBCLK.o .\CortexM0p\ARM_GCC_541\Release\I2C_sda.o .\CortexM0p\ARM_GCC_541\Release\I2C_sda_PM.o .\CortexM0p\ARM_GCC_541\Release\I2C_scl.o .\CortexM0p\ARM_GCC_541\Release\I2C_scl_PM.o .\CortexM0p\ARM_GCC_541\Release\I2C_SCB_IRQ.o .\CortexM0p\ARM_GCC_541\Release\CyFlash.o .\CortexM0p\ARM_GCC_541\Release\CyLib.o .\CortexM0p\ARM_GCC_541\Release\cyPm.o .\CortexM0p\ARM_GCC_541\Release\cyutils.o .\CortexM0p\ARM_GCC_541\Release\CyLFClk.o .\CortexM0p\ARM_GCC_541\Release\Red_LED.o .\CortexM0p\ARM_GCC_541\Release\Red_LED_PM.o .\CortexM0p\ARM_GCC_541\Release\Blue_LED.o .\CortexM0p\ARM_GCC_541\Release\Blue_LED_PM.o .\CortexM0p\ARM_GCC_541\Release\CyBootAsmGnu.o
arm-none-eabi-ar.exe: creating .\CortexM0p\ARM_GCC_541\Release\Bootloader.a
arm-none-eabi-gcc.exe -Wl,--start-group -o C:\Users\Stephen\Documents\Firmware\PSoC\Bootloader\Bootloader.cydsn\CortexM0p\ARM_GCC_541\Release\Bootloader.elf .\CortexM0p\ARM_GCC_541\Release\main.o .\CortexM0p\ARM_GCC_541\Release\cyfitter_cfg.o .\CortexM0p\ARM_GCC_541\Release\cymetadata.o .\CortexM0p\ARM_GCC_541\Release\Cm0plusStart.o .\CortexM0p\ARM_GCC_541\Release\Bootloader.a -mcpu=cortex-m0plus -mthumb -L Generated_Source\PSoC4 -Wl,-Map,.\CortexM0p\ARM_GCC_541\Release/Bootloader.map -T Generated_Source\PSoC4\cm0plusgcc.ld -specs=nano.specs -Wl,--gc-sections -g -ffunction-sections -Os -ffat-lto-objects -Wl,--end-group
cyelftool.exe -P C:\Users\Stephen\Documents\Firmware\PSoC\Bootloader\Bootloader.cydsn\CortexM0p\ARM_GCC_541\Release\Bootloader.elf --flash_row_size 128 --flash_size 32768 --flash_offset 0x00000000 --size_var_name Bootloader_SizeBytes --checksum_var_name Bootloader_Checksum --ignore 0xC0
cyelftool.exe -S C:\Users\Stephen\Documents\Firmware\PSoC\Bootloader\Bootloader.cydsn\CortexM0p\ARM_GCC_541\Release\Bootloader.elf
Flash used: 5341 of 32768 bytes (16.3%). Application: 5213 bytes. Metadata: 128 bytes.
SRAM used: 1652 of 4096 bytes (40.3%). Stack: 1024 bytes. Heap: 128 bytes.
--------------- Build Succeeded: 12/07/2017 12:40:43 ---------------
