ARM GAS  C:\Users\Stephen\AppData\Local\Temp\ccAzn0dw.s 			page 1


   1              		.syntax unified
   2              		.cpu cortex-m0plus
   3              		.fpu softvfp
   4              		.eabi_attribute 20, 1
   5              		.eabi_attribute 21, 1
   6              		.eabi_attribute 23, 3
   7              		.eabi_attribute 24, 1
   8              		.eabi_attribute 25, 1
   9              		.eabi_attribute 26, 1
  10              		.eabi_attribute 30, 4
  11              		.eabi_attribute 34, 0
  12              		.eabi_attribute 18, 4
  13              		.thumb
  14              		.syntax unified
  15              		.file	"main.c"
  16              		.text
  17              	.Ltext0:
  18              		.cfi_sections	.debug_frame
  19              		.section	.text.startup.main,"ax",%progbits
  20              		.align	1
  21              		.global	main
  22              		.code	16
  23              		.thumb_func
  24              		.type	main, %function
  25              	main:
  26              	.LFB33:
  27              		.file 1 "main.c"
   1:main.c        **** /* ========================================
   2:main.c        ****  *
   3:main.c        ****  * Copyright YOUR COMPANY, THE YEAR
   4:main.c        ****  * All Rights Reserved
   5:main.c        ****  * UNPUBLISHED, LICENSED SOFTWARE.
   6:main.c        ****  *
   7:main.c        ****  * CONFIDENTIAL AND PROPRIETARY INFORMATION
   8:main.c        ****  * WHICH IS THE PROPERTY OF your company.
   9:main.c        ****  *
  10:main.c        ****  * ========================================
  11:main.c        **** */
  12:main.c        **** #include "project.h"
  13:main.c        **** 
  14:main.c        **** int main(void)
  15:main.c        **** {
  28              		.loc 1 15 0
  29              		.cfi_startproc
  30              		@ Volatile: function does not return.
  31              		@ args = 0, pretend = 0, frame = 0
  32              		@ frame_needed = 0, uses_anonymous_args = 0
  33 0000 10B5     		push	{r4, lr}
  34              		.cfi_def_cfa_offset 8
  35              		.cfi_offset 4, -8
  36              		.cfi_offset 14, -4
  16:main.c        ****     CyGlobalIntEnable; /* Enable global interrupts. */
  37              		.loc 1 16 0
  38              		.syntax divided
  39              	@ 16 "main.c" 1
  40 0002 62B6     		CPSIE   i
  41              	@ 0 "" 2
ARM GAS  C:\Users\Stephen\AppData\Local\Temp\ccAzn0dw.s 			page 2


  17:main.c        ****     
  18:main.c        ****     Red_LED_Write(1);
  42              		.loc 1 18 0
  43              		.thumb
  44              		.syntax unified
  45 0004 0120     		movs	r0, #1
  46 0006 FFF7FEFF 		bl	Red_LED_Write
  47              	.LVL0:
  19:main.c        ****     Green_LED_Write(1);
  48              		.loc 1 19 0
  49 000a 0120     		movs	r0, #1
  50 000c FFF7FEFF 		bl	Green_LED_Write
  51              	.LVL1:
  20:main.c        ****     Blue_LED_Write(1);
  52              		.loc 1 20 0
  53 0010 0120     		movs	r0, #1
  54 0012 FFF7FEFF 		bl	Blue_LED_Write
  55              	.LVL2:
  21:main.c        **** 
  22:main.c        ****     /* Place your initialization/startup code here (e.g. MyInst_Start()) */
  23:main.c        ****     if(Bootload_EN_Read()){
  56              		.loc 1 23 0
  57 0016 FFF7FEFF 		bl	Bootload_EN_Read
  58              	.LVL3:
  59 001a 041E     		subs	r4, r0, #0
  60 001c 09D0     		beq	.L2
  24:main.c        ****         Red_LED_Write(0);
  61              		.loc 1 24 0
  62 001e 0020     		movs	r0, #0
  63 0020 FFF7FEFF 		bl	Red_LED_Write
  64              	.LVL4:
  25:main.c        ****         CyDelay(1000);
  65              		.loc 1 25 0
  66 0024 FA20     		movs	r0, #250
  67 0026 8000     		lsls	r0, r0, #2
  68 0028 FFF7FEFF 		bl	CyDelay
  69              	.LVL5:
  26:main.c        ****         Bootloader_Start();
  70              		.loc 1 26 0
  71 002c FFF7FEFF 		bl	Bootloader_Start
  72              	.LVL6:
  73 0030 0AE0     		b	.L3
  74              	.L2:
  27:main.c        ****     } else {
  28:main.c        ****         Blue_LED_Write(0);
  75              		.loc 1 28 0
  76 0032 FFF7FEFF 		bl	Blue_LED_Write
  77              	.LVL7:
  29:main.c        ****         Green_LED_Write(0);
  78              		.loc 1 29 0
  79 0036 2000     		movs	r0, r4
  80 0038 FFF7FEFF 		bl	Green_LED_Write
  81              	.LVL8:
  30:main.c        ****         CyDelay(250);
  82              		.loc 1 30 0
  83 003c FA20     		movs	r0, #250
  84 003e FFF7FEFF 		bl	CyDelay
ARM GAS  C:\Users\Stephen\AppData\Local\Temp\ccAzn0dw.s 			page 3


  85              	.LVL9:
  31:main.c        ****         Bootloader_Exit(Bootloader_EXIT_TO_BTLDB);
  86              		.loc 1 31 0
  87 0042 2000     		movs	r0, r4
  88 0044 FFF7FEFF 		bl	Bootloader_Exit
  89              	.LVL10:
  90              	.L3:
  91              	.L4:
  92 0048 FEE7     		b	.L4
  93              		.cfi_endproc
  94              	.LFE33:
  95              		.size	main, .-main
  96              		.text
  97              	.Letext0:
  98              		.file 2 "Generated_Source\\PSoC4/Red_LED.h"
  99              		.file 3 "Generated_Source\\PSoC4/Green_LED.h"
 100              		.file 4 "Generated_Source\\PSoC4/Blue_LED.h"
 101              		.file 5 "Generated_Source\\PSoC4/Bootload_EN.h"
 102              		.file 6 "Generated_Source\\PSoC4/CyLib.h"
 103              		.file 7 "Generated_Source\\PSoC4/Bootloader.h"
 104              		.section	.debug_info,"",%progbits
 105              	.Ldebug_info0:
 106 0000 A6010000 		.4byte	0x1a6
 107 0004 0400     		.2byte	0x4
 108 0006 00000000 		.4byte	.Ldebug_abbrev0
 109 000a 04       		.byte	0x4
 110 000b 01       		.uleb128 0x1
 111 000c 4A010000 		.4byte	.LASF21
 112 0010 0C       		.byte	0xc
 113 0011 2B000000 		.4byte	.LASF22
 114 0015 8A000000 		.4byte	.LASF23
 115 0019 00000000 		.4byte	.Ldebug_ranges0+0
 116 001d 00000000 		.4byte	0
 117 0021 00000000 		.4byte	.Ldebug_line0
 118 0025 02       		.uleb128 0x2
 119 0026 01       		.byte	0x1
 120 0027 06       		.byte	0x6
 121 0028 08010000 		.4byte	.LASF0
 122 002c 02       		.uleb128 0x2
 123 002d 01       		.byte	0x1
 124 002e 08       		.byte	0x8
 125 002f 6E000000 		.4byte	.LASF1
 126 0033 02       		.uleb128 0x2
 127 0034 02       		.byte	0x2
 128 0035 05       		.byte	0x5
 129 0036 40010000 		.4byte	.LASF2
 130 003a 02       		.uleb128 0x2
 131 003b 02       		.byte	0x2
 132 003c 07       		.byte	0x7
 133 003d F5000000 		.4byte	.LASF3
 134 0041 02       		.uleb128 0x2
 135 0042 04       		.byte	0x4
 136 0043 05       		.byte	0x5
 137 0044 81000000 		.4byte	.LASF4
 138 0048 02       		.uleb128 0x2
 139 0049 04       		.byte	0x4
 140 004a 07       		.byte	0x7
ARM GAS  C:\Users\Stephen\AppData\Local\Temp\ccAzn0dw.s 			page 4


 141 004b 3F000000 		.4byte	.LASF5
 142 004f 02       		.uleb128 0x2
 143 0050 08       		.byte	0x8
 144 0051 05       		.byte	0x5
 145 0052 00000000 		.4byte	.LASF6
 146 0056 02       		.uleb128 0x2
 147 0057 08       		.byte	0x8
 148 0058 07       		.byte	0x7
 149 0059 51000000 		.4byte	.LASF7
 150 005d 03       		.uleb128 0x3
 151 005e 04       		.byte	0x4
 152 005f 05       		.byte	0x5
 153 0060 696E7400 		.ascii	"int\000"
 154 0064 02       		.uleb128 0x2
 155 0065 04       		.byte	0x4
 156 0066 07       		.byte	0x7
 157 0067 0E000000 		.4byte	.LASF8
 158 006b 02       		.uleb128 0x2
 159 006c 04       		.byte	0x4
 160 006d 04       		.byte	0x4
 161 006e 68000000 		.4byte	.LASF9
 162 0072 02       		.uleb128 0x2
 163 0073 08       		.byte	0x8
 164 0074 04       		.byte	0x4
 165 0075 EE000000 		.4byte	.LASF10
 166 0079 02       		.uleb128 0x2
 167 007a 01       		.byte	0x1
 168 007b 08       		.byte	0x8
 169 007c 7C000000 		.4byte	.LASF11
 170 0080 02       		.uleb128 0x2
 171 0081 08       		.byte	0x8
 172 0082 04       		.byte	0x4
 173 0083 14010000 		.4byte	.LASF12
 174 0087 02       		.uleb128 0x2
 175 0088 04       		.byte	0x4
 176 0089 07       		.byte	0x7
 177 008a EC010000 		.4byte	.LASF13
 178 008e 04       		.uleb128 0x4
 179 008f 32000000 		.4byte	.LASF24
 180 0093 01       		.byte	0x1
 181 0094 0E       		.byte	0xe
 182 0095 5D000000 		.4byte	0x5d
 183 0099 00000000 		.4byte	.LFB33
 184 009d 4A000000 		.4byte	.LFE33-.LFB33
 185 00a1 01       		.uleb128 0x1
 186 00a2 9C       		.byte	0x9c
 187 00a3 5C010000 		.4byte	0x15c
 188 00a7 05       		.uleb128 0x5
 189 00a8 0A000000 		.4byte	.LVL0
 190 00ac 5C010000 		.4byte	0x15c
 191 00b0 BA000000 		.4byte	0xba
 192 00b4 06       		.uleb128 0x6
 193 00b5 01       		.uleb128 0x1
 194 00b6 50       		.byte	0x50
 195 00b7 01       		.uleb128 0x1
 196 00b8 31       		.byte	0x31
 197 00b9 00       		.byte	0
ARM GAS  C:\Users\Stephen\AppData\Local\Temp\ccAzn0dw.s 			page 5


 198 00ba 05       		.uleb128 0x5
 199 00bb 10000000 		.4byte	.LVL1
 200 00bf 67010000 		.4byte	0x167
 201 00c3 CD000000 		.4byte	0xcd
 202 00c7 06       		.uleb128 0x6
 203 00c8 01       		.uleb128 0x1
 204 00c9 50       		.byte	0x50
 205 00ca 01       		.uleb128 0x1
 206 00cb 31       		.byte	0x31
 207 00cc 00       		.byte	0
 208 00cd 05       		.uleb128 0x5
 209 00ce 16000000 		.4byte	.LVL2
 210 00d2 72010000 		.4byte	0x172
 211 00d6 E0000000 		.4byte	0xe0
 212 00da 06       		.uleb128 0x6
 213 00db 01       		.uleb128 0x1
 214 00dc 50       		.byte	0x50
 215 00dd 01       		.uleb128 0x1
 216 00de 31       		.byte	0x31
 217 00df 00       		.byte	0
 218 00e0 07       		.uleb128 0x7
 219 00e1 1A000000 		.4byte	.LVL3
 220 00e5 7D010000 		.4byte	0x17d
 221 00e9 05       		.uleb128 0x5
 222 00ea 24000000 		.4byte	.LVL4
 223 00ee 5C010000 		.4byte	0x15c
 224 00f2 FC000000 		.4byte	0xfc
 225 00f6 06       		.uleb128 0x6
 226 00f7 01       		.uleb128 0x1
 227 00f8 50       		.byte	0x50
 228 00f9 01       		.uleb128 0x1
 229 00fa 30       		.byte	0x30
 230 00fb 00       		.byte	0
 231 00fc 05       		.uleb128 0x5
 232 00fd 2C000000 		.4byte	.LVL5
 233 0101 88010000 		.4byte	0x188
 234 0105 11010000 		.4byte	0x111
 235 0109 06       		.uleb128 0x6
 236 010a 01       		.uleb128 0x1
 237 010b 50       		.byte	0x50
 238 010c 03       		.uleb128 0x3
 239 010d 0A       		.byte	0xa
 240 010e E803     		.2byte	0x3e8
 241 0110 00       		.byte	0
 242 0111 07       		.uleb128 0x7
 243 0112 30000000 		.4byte	.LVL6
 244 0116 93010000 		.4byte	0x193
 245 011a 07       		.uleb128 0x7
 246 011b 36000000 		.4byte	.LVL7
 247 011f 72010000 		.4byte	0x172
 248 0123 05       		.uleb128 0x5
 249 0124 3C000000 		.4byte	.LVL8
 250 0128 67010000 		.4byte	0x167
 251 012c 37010000 		.4byte	0x137
 252 0130 06       		.uleb128 0x6
 253 0131 01       		.uleb128 0x1
 254 0132 50       		.byte	0x50
ARM GAS  C:\Users\Stephen\AppData\Local\Temp\ccAzn0dw.s 			page 6


 255 0133 02       		.uleb128 0x2
 256 0134 74       		.byte	0x74
 257 0135 00       		.sleb128 0
 258 0136 00       		.byte	0
 259 0137 05       		.uleb128 0x5
 260 0138 42000000 		.4byte	.LVL9
 261 013c 88010000 		.4byte	0x188
 262 0140 4B010000 		.4byte	0x14b
 263 0144 06       		.uleb128 0x6
 264 0145 01       		.uleb128 0x1
 265 0146 50       		.byte	0x50
 266 0147 02       		.uleb128 0x2
 267 0148 08       		.byte	0x8
 268 0149 FA       		.byte	0xfa
 269 014a 00       		.byte	0
 270 014b 08       		.uleb128 0x8
 271 014c 48000000 		.4byte	.LVL10
 272 0150 9E010000 		.4byte	0x19e
 273 0154 06       		.uleb128 0x6
 274 0155 01       		.uleb128 0x1
 275 0156 50       		.byte	0x50
 276 0157 02       		.uleb128 0x2
 277 0158 74       		.byte	0x74
 278 0159 00       		.sleb128 0
 279 015a 00       		.byte	0
 280 015b 00       		.byte	0
 281 015c 09       		.uleb128 0x9
 282 015d CF000000 		.4byte	.LASF14
 283 0161 CF000000 		.4byte	.LASF14
 284 0165 02       		.byte	0x2
 285 0166 33       		.byte	0x33
 286 0167 09       		.uleb128 0x9
 287 0168 DC010000 		.4byte	.LASF15
 288 016c DC010000 		.4byte	.LASF15
 289 0170 03       		.byte	0x3
 290 0171 33       		.byte	0x33
 291 0172 09       		.uleb128 0x9
 292 0173 20010000 		.4byte	.LASF16
 293 0177 20010000 		.4byte	.LASF16
 294 017b 04       		.byte	0x4
 295 017c 33       		.byte	0x33
 296 017d 09       		.uleb128 0x9
 297 017e 2F010000 		.4byte	.LASF17
 298 0182 2F010000 		.4byte	.LASF17
 299 0186 05       		.byte	0x5
 300 0187 32       		.byte	0x32
 301 0188 09       		.uleb128 0x9
 302 0189 37000000 		.4byte	.LASF18
 303 018d 37000000 		.4byte	.LASF18
 304 0191 06       		.byte	0x6
 305 0192 D9       		.byte	0xd9
 306 0193 09       		.uleb128 0x9
 307 0194 DD000000 		.4byte	.LASF19
 308 0198 DD000000 		.4byte	.LASF19
 309 019c 07       		.byte	0x7
 310 019d E6       		.byte	0xe6
 311 019e 09       		.uleb128 0x9
ARM GAS  C:\Users\Stephen\AppData\Local\Temp\ccAzn0dw.s 			page 7


 312 019f 1B000000 		.4byte	.LASF20
 313 01a3 1B000000 		.4byte	.LASF20
 314 01a7 07       		.byte	0x7
 315 01a8 ED       		.byte	0xed
 316 01a9 00       		.byte	0
 317              		.section	.debug_abbrev,"",%progbits
 318              	.Ldebug_abbrev0:
 319 0000 01       		.uleb128 0x1
 320 0001 11       		.uleb128 0x11
 321 0002 01       		.byte	0x1
 322 0003 25       		.uleb128 0x25
 323 0004 0E       		.uleb128 0xe
 324 0005 13       		.uleb128 0x13
 325 0006 0B       		.uleb128 0xb
 326 0007 03       		.uleb128 0x3
 327 0008 0E       		.uleb128 0xe
 328 0009 1B       		.uleb128 0x1b
 329 000a 0E       		.uleb128 0xe
 330 000b 55       		.uleb128 0x55
 331 000c 17       		.uleb128 0x17
 332 000d 11       		.uleb128 0x11
 333 000e 01       		.uleb128 0x1
 334 000f 10       		.uleb128 0x10
 335 0010 17       		.uleb128 0x17
 336 0011 00       		.byte	0
 337 0012 00       		.byte	0
 338 0013 02       		.uleb128 0x2
 339 0014 24       		.uleb128 0x24
 340 0015 00       		.byte	0
 341 0016 0B       		.uleb128 0xb
 342 0017 0B       		.uleb128 0xb
 343 0018 3E       		.uleb128 0x3e
 344 0019 0B       		.uleb128 0xb
 345 001a 03       		.uleb128 0x3
 346 001b 0E       		.uleb128 0xe
 347 001c 00       		.byte	0
 348 001d 00       		.byte	0
 349 001e 03       		.uleb128 0x3
 350 001f 24       		.uleb128 0x24
 351 0020 00       		.byte	0
 352 0021 0B       		.uleb128 0xb
 353 0022 0B       		.uleb128 0xb
 354 0023 3E       		.uleb128 0x3e
 355 0024 0B       		.uleb128 0xb
 356 0025 03       		.uleb128 0x3
 357 0026 08       		.uleb128 0x8
 358 0027 00       		.byte	0
 359 0028 00       		.byte	0
 360 0029 04       		.uleb128 0x4
 361 002a 2E       		.uleb128 0x2e
 362 002b 01       		.byte	0x1
 363 002c 3F       		.uleb128 0x3f
 364 002d 19       		.uleb128 0x19
 365 002e 03       		.uleb128 0x3
 366 002f 0E       		.uleb128 0xe
 367 0030 3A       		.uleb128 0x3a
 368 0031 0B       		.uleb128 0xb
ARM GAS  C:\Users\Stephen\AppData\Local\Temp\ccAzn0dw.s 			page 8


 369 0032 3B       		.uleb128 0x3b
 370 0033 0B       		.uleb128 0xb
 371 0034 27       		.uleb128 0x27
 372 0035 19       		.uleb128 0x19
 373 0036 49       		.uleb128 0x49
 374 0037 13       		.uleb128 0x13
 375 0038 8701     		.uleb128 0x87
 376 003a 19       		.uleb128 0x19
 377 003b 11       		.uleb128 0x11
 378 003c 01       		.uleb128 0x1
 379 003d 12       		.uleb128 0x12
 380 003e 06       		.uleb128 0x6
 381 003f 40       		.uleb128 0x40
 382 0040 18       		.uleb128 0x18
 383 0041 9742     		.uleb128 0x2117
 384 0043 19       		.uleb128 0x19
 385 0044 01       		.uleb128 0x1
 386 0045 13       		.uleb128 0x13
 387 0046 00       		.byte	0
 388 0047 00       		.byte	0
 389 0048 05       		.uleb128 0x5
 390 0049 898201   		.uleb128 0x4109
 391 004c 01       		.byte	0x1
 392 004d 11       		.uleb128 0x11
 393 004e 01       		.uleb128 0x1
 394 004f 31       		.uleb128 0x31
 395 0050 13       		.uleb128 0x13
 396 0051 01       		.uleb128 0x1
 397 0052 13       		.uleb128 0x13
 398 0053 00       		.byte	0
 399 0054 00       		.byte	0
 400 0055 06       		.uleb128 0x6
 401 0056 8A8201   		.uleb128 0x410a
 402 0059 00       		.byte	0
 403 005a 02       		.uleb128 0x2
 404 005b 18       		.uleb128 0x18
 405 005c 9142     		.uleb128 0x2111
 406 005e 18       		.uleb128 0x18
 407 005f 00       		.byte	0
 408 0060 00       		.byte	0
 409 0061 07       		.uleb128 0x7
 410 0062 898201   		.uleb128 0x4109
 411 0065 00       		.byte	0
 412 0066 11       		.uleb128 0x11
 413 0067 01       		.uleb128 0x1
 414 0068 31       		.uleb128 0x31
 415 0069 13       		.uleb128 0x13
 416 006a 00       		.byte	0
 417 006b 00       		.byte	0
 418 006c 08       		.uleb128 0x8
 419 006d 898201   		.uleb128 0x4109
 420 0070 01       		.byte	0x1
 421 0071 11       		.uleb128 0x11
 422 0072 01       		.uleb128 0x1
 423 0073 31       		.uleb128 0x31
 424 0074 13       		.uleb128 0x13
 425 0075 00       		.byte	0
ARM GAS  C:\Users\Stephen\AppData\Local\Temp\ccAzn0dw.s 			page 9


 426 0076 00       		.byte	0
 427 0077 09       		.uleb128 0x9
 428 0078 2E       		.uleb128 0x2e
 429 0079 00       		.byte	0
 430 007a 3F       		.uleb128 0x3f
 431 007b 19       		.uleb128 0x19
 432 007c 3C       		.uleb128 0x3c
 433 007d 19       		.uleb128 0x19
 434 007e 6E       		.uleb128 0x6e
 435 007f 0E       		.uleb128 0xe
 436 0080 03       		.uleb128 0x3
 437 0081 0E       		.uleb128 0xe
 438 0082 3A       		.uleb128 0x3a
 439 0083 0B       		.uleb128 0xb
 440 0084 3B       		.uleb128 0x3b
 441 0085 0B       		.uleb128 0xb
 442 0086 00       		.byte	0
 443 0087 00       		.byte	0
 444 0088 00       		.byte	0
 445              		.section	.debug_aranges,"",%progbits
 446 0000 1C000000 		.4byte	0x1c
 447 0004 0200     		.2byte	0x2
 448 0006 00000000 		.4byte	.Ldebug_info0
 449 000a 04       		.byte	0x4
 450 000b 00       		.byte	0
 451 000c 0000     		.2byte	0
 452 000e 0000     		.2byte	0
 453 0010 00000000 		.4byte	.LFB33
 454 0014 4A000000 		.4byte	.LFE33-.LFB33
 455 0018 00000000 		.4byte	0
 456 001c 00000000 		.4byte	0
 457              		.section	.debug_ranges,"",%progbits
 458              	.Ldebug_ranges0:
 459 0000 00000000 		.4byte	.LFB33
 460 0004 4A000000 		.4byte	.LFE33
 461 0008 00000000 		.4byte	0
 462 000c 00000000 		.4byte	0
 463              		.section	.debug_line,"",%progbits
 464              	.Ldebug_line0:
 465 0000 AB000000 		.section	.debug_str,"MS",%progbits,1
 465      02008A00 
 465      00000201 
 465      FB0E0D00 
 465      01010101 
 466              	.LASF6:
 467 0000 6C6F6E67 		.ascii	"long long int\000"
 467      206C6F6E 
 467      6720696E 
 467      7400
 468              	.LASF8:
 469 000e 756E7369 		.ascii	"unsigned int\000"
 469      676E6564 
 469      20696E74 
 469      00
 470              	.LASF20:
 471 001b 426F6F74 		.ascii	"Bootloader_Exit\000"
 471      6C6F6164 
ARM GAS  C:\Users\Stephen\AppData\Local\Temp\ccAzn0dw.s 			page 10


 471      65725F45 
 471      78697400 
 472              	.LASF22:
 473 002b 6D61696E 		.ascii	"main.c\000"
 473      2E6300
 474              	.LASF24:
 475 0032 6D61696E 		.ascii	"main\000"
 475      00
 476              	.LASF18:
 477 0037 43794465 		.ascii	"CyDelay\000"
 477      6C617900 
 478              	.LASF5:
 479 003f 6C6F6E67 		.ascii	"long unsigned int\000"
 479      20756E73 
 479      69676E65 
 479      6420696E 
 479      7400
 480              	.LASF7:
 481 0051 6C6F6E67 		.ascii	"long long unsigned int\000"
 481      206C6F6E 
 481      6720756E 
 481      7369676E 
 481      65642069 
 482              	.LASF9:
 483 0068 666C6F61 		.ascii	"float\000"
 483      7400
 484              	.LASF1:
 485 006e 756E7369 		.ascii	"unsigned char\000"
 485      676E6564 
 485      20636861 
 485      7200
 486              	.LASF11:
 487 007c 63686172 		.ascii	"char\000"
 487      00
 488              	.LASF4:
 489 0081 6C6F6E67 		.ascii	"long int\000"
 489      20696E74 
 489      00
 490              	.LASF23:
 491 008a 433A5C55 		.ascii	"C:\\Users\\Stephen\\Documents\\Firmware\\PSoC\\Boot"
 491      73657273 
 491      5C537465 
 491      7068656E 
 491      5C446F63 
 492 00b7 6C6F6164 		.ascii	"loader\\Bootloader.cydsn\000"
 492      65725C42 
 492      6F6F746C 
 492      6F616465 
 492      722E6379 
 493              	.LASF14:
 494 00cf 5265645F 		.ascii	"Red_LED_Write\000"
 494      4C45445F 
 494      57726974 
 494      6500
 495              	.LASF19:
 496 00dd 426F6F74 		.ascii	"Bootloader_Start\000"
 496      6C6F6164 
ARM GAS  C:\Users\Stephen\AppData\Local\Temp\ccAzn0dw.s 			page 11


 496      65725F53 
 496      74617274 
 496      00
 497              	.LASF10:
 498 00ee 646F7562 		.ascii	"double\000"
 498      6C6500
 499              	.LASF3:
 500 00f5 73686F72 		.ascii	"short unsigned int\000"
 500      7420756E 
 500      7369676E 
 500      65642069 
 500      6E7400
 501              	.LASF0:
 502 0108 7369676E 		.ascii	"signed char\000"
 502      65642063 
 502      68617200 
 503              	.LASF12:
 504 0114 6C6F6E67 		.ascii	"long double\000"
 504      20646F75 
 504      626C6500 
 505              	.LASF16:
 506 0120 426C7565 		.ascii	"Blue_LED_Write\000"
 506      5F4C4544 
 506      5F577269 
 506      746500
 507              	.LASF17:
 508 012f 426F6F74 		.ascii	"Bootload_EN_Read\000"
 508      6C6F6164 
 508      5F454E5F 
 508      52656164 
 508      00
 509              	.LASF2:
 510 0140 73686F72 		.ascii	"short int\000"
 510      7420696E 
 510      7400
 511              	.LASF21:
 512 014a 474E5520 		.ascii	"GNU C11 5.4.1 20160609 (release) [ARM/embedded-5-br"
 512      43313120 
 512      352E342E 
 512      31203230 
 512      31363036 
 513 017d 616E6368 		.ascii	"anch revision 237715] -mcpu=cortex-m0plus -mthumb -"
 513      20726576 
 513      6973696F 
 513      6E203233 
 513      37373135 
 514 01b0 67202D4F 		.ascii	"g -Os -ffunction-sections -ffat-lto-objects\000"
 514      73202D66 
 514      66756E63 
 514      74696F6E 
 514      2D736563 
 515              	.LASF15:
 516 01dc 47726565 		.ascii	"Green_LED_Write\000"
 516      6E5F4C45 
 516      445F5772 
 516      69746500 
 517              	.LASF13:
ARM GAS  C:\Users\Stephen\AppData\Local\Temp\ccAzn0dw.s 			page 12


 518 01ec 73697A65 		.ascii	"sizetype\000"
 518      74797065 
 518      00
 519              		.ident	"GCC: (GNU Tools for ARM Embedded Processors) 5.4.1 20160609 (release) [ARM/embedded-5-bran
